\BOOKMARK [1][-]{section.1}{Introduction}{}% 1
\BOOKMARK [1][-]{section.2}{Nomenclatures}{}% 2
\BOOKMARK [1][-]{section.3}{Model of water supply ability}{}% 3
\BOOKMARK [2][-]{subsection.3.1}{Model Introduction}{section.3}% 4
\BOOKMARK [2][-]{subsection.3.2}{Model Hypothesis}{section.3}% 5
\BOOKMARK [2][-]{subsection.3.3}{Model Structure}{section.3}% 6
\BOOKMARK [2][-]{subsection.3.4}{Model Prominent Parameters}{section.3}% 7
\BOOKMARK [2][-]{subsection.3.5}{Model Dynamics}{section.3}% 8
\BOOKMARK [2][-]{subsection.3.6}{How to apply our model}{section.3}% 9
\BOOKMARK [1][-]{section.4}{China's water scarcity}{}% 10
\BOOKMARK [2][-]{subsection.4.1}{Water resources}{section.4}% 11
\BOOKMARK [2][-]{subsection.4.2}{Physical scarcity}{section.4}% 12
\BOOKMARK [2][-]{subsection.4.3}{Economic water scarcity}{section.4}% 13
\BOOKMARK [2][-]{subsection.4.4}{Causes of water scarcity}{section.4}% 14
\BOOKMARK [1][-]{section.5}{China's water scarcity: Further Investigation and Prediction}{}% 15
\BOOKMARK [2][-]{subsection.5.1}{Prominent variables' tendency}{section.5}% 16
\BOOKMARK [2][-]{subsection.5.2}{Relation between prominent parameters and variables}{section.5}% 17
\BOOKMARK [2][-]{subsection.5.3}{Fitness method in consumption variables}{section.5}% 18
\BOOKMARK [2][-]{subsection.5.4}{Prediction of future water supply ability}{section.5}% 19
\BOOKMARK [1][-]{section.6}{Intervention plan designing and prediction}{}% 20
\BOOKMARK [2][-]{subsection.6.1}{Population Intervention}{section.6}% 21
\BOOKMARK [2][-]{subsection.6.2}{Water Distribution Intervention}{section.6}% 22
\BOOKMARK [2][-]{subsection.6.3}{Industrial Intervention}{section.6}% 23
\BOOKMARK [2][-]{subsection.6.4}{Overview}{section.6}% 24
\BOOKMARK [2][-]{subsection.6.5}{Climate and uncertainty evaluation}{section.6}% 25
\BOOKMARK [1][-]{section.7}{Executive Summary}{}% 26
\BOOKMARK [2][-]{subsection.7.1}{Approach to the problem}{section.7}% 27
\BOOKMARK [2][-]{subsection.7.2}{Conclusion}{section.7}% 28
\BOOKMARK [2][-]{subsection.7.3}{Strengths and Weaknesses}{section.7}% 29
